-------------------------------------------------------------------------------
Test set: com.estudo.jpa.estudando_JPA.EstudandoJpaApplicationTests
-------------------------------------------------------------------------------
Tests run: 1, Failures: 0, Errors: 1, Skipped: 0, Time elapsed: 0.343 s <<< FAILURE! - in com.estudo.jpa.estudando_JPA.EstudandoJpaApplicationTests
com.estudo.jpa.estudando_JPA.EstudandoJpaApplicationTests  Time elapsed: 0.343 s  <<< ERROR!
java.lang.IllegalStateException: Unable to find a @SpringBootConfiguration, you need to use @ContextConfiguration or @SpringBootTest(classes=...) with your test

